<?xml version="1.0" encoding="UTF-8"?>
<testng-results skipped="0" failed="1" ignored="0" total="2" passed="1">
  <reporter-output>
  </reporter-output>
  <suite name="MyFrameWork" duration-ms="41179" started-at="2019-09-17T14:31:11Z" finished-at="2019-09-17T14:31:52Z">
    <groups>
    </groups>
    <test name="test" duration-ms="41179" started-at="2019-09-17T14:31:11Z" finished-at="2019-09-17T14:31:52Z">
      <class name="testcase.TestFactory">
        <test-method status="PASS" signature="setUp()[pri:0, instance:testcase.TestFactory@7249dadf]" name="setUp" is-config="true" duration-ms="13282" started-at="2019-09-17T14:31:12Z" finished-at="2019-09-17T14:31:26Z">
          <reporter-output>
          </reporter-output>
        </test-method> <!-- setUp -->
        <test-method status="PASS" signature="test_login(java.util.Map)[pri:0, instance:testcase.TestFactory@7249dadf]" name="test_login" duration-ms="4322" started-at="2019-09-17T14:31:26Z" data-provider="logindata" finished-at="2019-09-17T14:31:30Z">
          <params>
            <param index="0">
              <value>
                <![CDATA[{用户名=admin, 密码=1qaz@WSX}]]>
              </value>
            </param>
          </params>
          <reporter-output>
          </reporter-output>
        </test-method> <!-- test_login -->
        <test-method status="PASS" signature="end()[pri:0, instance:testcase.TestFactory@7249dadf]" name="end" is-config="true" duration-ms="1437" started-at="2019-09-17T14:31:34Z" finished-at="2019-09-17T14:31:36Z">
          <reporter-output>
          </reporter-output>
        </test-method> <!-- end -->
        <test-method status="PASS" signature="setUp()[pri:0, instance:testcase.TestFactory@7249dadf]" name="setUp" is-config="true" duration-ms="10144" started-at="2019-09-17T14:31:36Z" finished-at="2019-09-17T14:31:46Z">
          <reporter-output>
          </reporter-output>
        </test-method> <!-- setUp -->
        <test-method status="FAIL" signature="test_login(java.util.Map)[pri:0, instance:testcase.TestFactory@7249dadf]" name="test_login" duration-ms="1134" started-at="2019-09-17T14:31:46Z" data-provider="logindata" finished-at="2019-09-17T14:31:47Z">
          <params>
            <param index="0">
              <value>
                <![CDATA[{用户名=admin2, 密码=wrongpasswd}]]>
              </value>
            </param>
          </params>
          <exception class="org.openqa.selenium.UnhandledAlertException">
            <message>
              <![CDATA[unexpected alert open: {Alert text : 登录失败，请检查您的用户名或密码是否填写正确。}
  (Session info: chrome=76.0.3809.132): 登录失败，请检查您的用户名或密码是否填写正确。
Build info: version: '3.4.0', revision: 'unknown', time: 'unknown'
System info: host: 'DESKTOP-0U47NMQ', ip: '192.168.1.100', os.name: 'Windows 10', os.arch: 'amd64', os.version: '10.0', java.version: '1.8.0_181'
Driver info: org.openqa.selenium.chrome.ChromeDriver
Capabilities [{networkConnectionEnabled=false, chrome={chromedriverVersion=76.0.3809.68 (420c9498db8ce8fcd190a954d51297672c1515d5-refs/branch-heads/3809@{#864}), userDataDir=C:\Users\marvi\AppData\Local\Temp\scoped_dir1844_542339857}, timeouts={implicit=0.0, pageLoad=300000.0, script=30000.0}, pageLoadStrategy=normal, unhandledPromptBehavior=dismiss and notify, strictFileInteractability=false, platform=ANY, proxy=Proxy(), goog:chromeOptions={debuggerAddress=localhost:49816}, acceptInsecureCerts=false, browserVersion=76.0.3809.132, browserName=chrome, javascriptEnabled=true, platformName=windows nt, setWindowRect=true}]
Session ID: 6c079653765cb33f01b920d70a95fc18]]>
            </message>
            <full-stacktrace>
              <![CDATA[org.openqa.selenium.UnhandledAlertException: unexpected alert open: {Alert text : 登录失败，请检查您的用户名或密码是否填写正确。}
  (Session info: chrome=76.0.3809.132): 登录失败，请检查您的用户名或密码是否填写正确。
Build info: version: '3.4.0', revision: 'unknown', time: 'unknown'
System info: host: 'DESKTOP-0U47NMQ', ip: '192.168.1.100', os.name: 'Windows 10', os.arch: 'amd64', os.version: '10.0', java.version: '1.8.0_181'
Driver info: org.openqa.selenium.chrome.ChromeDriver
Capabilities [{networkConnectionEnabled=false, chrome={chromedriverVersion=76.0.3809.68 (420c9498db8ce8fcd190a954d51297672c1515d5-refs/branch-heads/3809@{#864}), userDataDir=C:\Users\marvi\AppData\Local\Temp\scoped_dir1844_542339857}, timeouts={implicit=0.0, pageLoad=300000.0, script=30000.0}, pageLoadStrategy=normal, unhandledPromptBehavior=dismiss and notify, strictFileInteractability=false, platform=ANY, proxy=Proxy(), goog:chromeOptions={debuggerAddress=localhost:49816}, acceptInsecureCerts=false, browserVersion=76.0.3809.132, browserName=chrome, javascriptEnabled=true, platformName=windows nt, setWindowRect=true}]
Session ID: 6c079653765cb33f01b920d70a95fc18
at org.openqa.selenium.remote.http.W3CHttpResponseCodec.decode(W3CHttpResponseCodec.java:113)
at org.openqa.selenium.remote.http.W3CHttpResponseCodec.decode(W3CHttpResponseCodec.java:45)
at org.openqa.selenium.remote.HttpCommandExecutor.execute(HttpCommandExecutor.java:164)
at org.openqa.selenium.remote.service.DriverCommandExecutor.execute(DriverCommandExecutor.java:82)
at org.openqa.selenium.remote.RemoteWebDriver.execute(RemoteWebDriver.java:637)
at org.openqa.selenium.remote.RemoteWebDriver.execute(RemoteWebDriver.java:694)
at org.openqa.selenium.remote.RemoteWebDriver.getTitle(RemoteWebDriver.java:368)
at page.BasePage.lambda$new$0(BasePage.java:28)
at org.openqa.selenium.support.ui.FluentWait.until(FluentWait.java:209)
at page.BasePage.<init>(BasePage.java:27)
at page.HomePage.<init>(HomePage.java:11)
at page.LoginPage.login(LoginPage.java:34)
at testcase.TestFactory.test_login(TestFactory.java:38)
at sun.reflect.NativeMethodAccessorImpl.invoke0(Native Method)
at sun.reflect.NativeMethodAccessorImpl.invoke(NativeMethodAccessorImpl.java:62)
at sun.reflect.DelegatingMethodAccessorImpl.invoke(DelegatingMethodAccessorImpl.java:43)
at java.lang.reflect.Method.invoke(Method.java:498)
at org.testng.internal.MethodInvocationHelper.invokeMethod(MethodInvocationHelper.java:124)
at org.testng.internal.Invoker.invokeMethod(Invoker.java:583)
at org.testng.internal.Invoker.invokeTestMethod(Invoker.java:719)
at org.testng.internal.Invoker.invokeTestMethods(Invoker.java:989)
at org.testng.internal.TestMethodWorker.invokeTestMethods(TestMethodWorker.java:125)
at org.testng.internal.TestMethodWorker.run(TestMethodWorker.java:109)
at org.testng.TestRunner.privateRun(TestRunner.java:648)
at org.testng.TestRunner.run(TestRunner.java:505)
at org.testng.SuiteRunner.runTest(SuiteRunner.java:455)
at org.testng.SuiteRunner.runSequentially(SuiteRunner.java:450)
at org.testng.SuiteRunner.privateRun(SuiteRunner.java:415)
at org.testng.SuiteRunner.run(SuiteRunner.java:364)
at org.testng.SuiteRunnerWorker.runSuite(SuiteRunnerWorker.java:52)
at org.testng.SuiteRunnerWorker.run(SuiteRunnerWorker.java:84)
at org.testng.TestNG.runSuitesSequentially(TestNG.java:1208)
at org.testng.TestNG.runSuitesLocally(TestNG.java:1137)
at org.testng.TestNG.runSuites(TestNG.java:1049)
at org.testng.TestNG.run(TestNG.java:1017)
at org.apache.maven.surefire.testng.TestNGExecutor.run(TestNGExecutor.java:283)
at org.apache.maven.surefire.testng.TestNGXmlTestSuite.execute(TestNGXmlTestSuite.java:75)
at org.apache.maven.surefire.testng.TestNGProvider.invoke(TestNGProvider.java:120)
at org.apache.maven.surefire.booter.ForkedBooter.invokeProviderInSameClassLoader(ForkedBooter.java:386)
at org.apache.maven.surefire.booter.ForkedBooter.runSuitesInProcess(ForkedBooter.java:323)
at org.apache.maven.surefire.booter.ForkedBooter.main(ForkedBooter.java:143)
]]>
            </full-stacktrace>
          </exception> <!-- org.openqa.selenium.UnhandledAlertException -->
          <reporter-output>
          </reporter-output>
        </test-method> <!-- test_login -->
        <test-method status="PASS" signature="end()[pri:0, instance:testcase.TestFactory@7249dadf]" name="end" is-config="true" duration-ms="1162" started-at="2019-09-17T14:31:51Z" finished-at="2019-09-17T14:31:52Z">
          <reporter-output>
          </reporter-output>
        </test-method> <!-- end -->
        <test-method status="PASS" signature="tearDown()[pri:0, instance:testcase.TestFactory@7249dadf]" name="tearDown" is-config="true" duration-ms="0" started-at="2019-09-17T14:31:52Z" description="Class Level Teardown!" finished-at="2019-09-17T14:31:52Z">
          <reporter-output>
          </reporter-output>
        </test-method> <!-- tearDown -->
      </class> <!-- testcase.TestFactory -->
    </test> <!-- test -->
  </suite> <!-- MyFrameWork -->
</testng-results>
